<?xml version="1.0" encoding="UTF-8"?>
<!-- Generated by org.testng.reporters.JUnitReportReporter -->
<testsuite skipped="0" hostname="LAPTOP-JN2NLV6S" name="Tests.LoginTests" tests="1" failures="0" timestamp="02 May 2018 07:35:30 GMT" time="14.406" errors="0">
  <testcase name="InvalidLoginDetails" time="14.406" classname="Tests.LoginTests"/>
</testsuite> <!-- Tests.LoginTests -->
