<?xml version="1.0" encoding="UTF-8"?>
<!-- Generated by org.testng.reporters.JUnitReportReporter -->
<testsuite skipped="1" hostname="LAPTOP-JN2NLV6S" name="Tests.TrackNumberTests" tests="3" failures="0" timestamp="08 May 2018 08:09:52 GMT" time="16.634" errors="0">
  <testcase name="BlankOrderNumberTest" time="5.028" classname="Tests.TrackNumberTests"/>
  <testcase name="BlankEmailAddressTest" time="11.606" classname="Tests.TrackNumberTests"/>
  <testcase name="BlankOrdernumberandEmailAddressTest" classname="Tests.TrackNumberTests">
    <skipped/>
  </testcase> <!-- BlankOrdernumberandEmailAddressTest -->
</testsuite> <!-- Tests.TrackNumberTests -->
