<?xml version="1.0" encoding="UTF-8"?>
<!-- Generated by org.testng.reporters.JUnitReportReporter -->
<testsuite skipped="0" hostname="LAPTOP-JN2NLV6S" name="Tests.LoginTests" tests="2" failures="0" timestamp="01 May 2018 05:12:09 GMT" time="35.968" errors="0">
  <testcase name="InvalidLoginDetails" time="14.536" classname="Tests.LoginTests"/>
  <testcase name="InvalidLoginDetails" time="21.432" classname="Tests.LoginTests"/>
</testsuite> <!-- Tests.LoginTests -->
