<?xml version="1.0" encoding="UTF-8"?>
<!-- Generated by org.testng.reporters.JUnitReportReporter -->
<testsuite skipped="0" hostname="LAPTOP-JN2NLV6S" name="Tests.LoginTests" tests="3" failures="0" timestamp="08 May 2018 08:09:52 GMT" time="27.926" errors="0">
  <testcase name="InvalidLoginDetails" time="7.374" classname="Tests.LoginTests"/>
  <testcase name="InvalidLoginDetails" time="13.247" classname="Tests.LoginTests"/>
  <testcase name="InvalidLoginDetails" time="7.305" classname="Tests.LoginTests"/>
</testsuite> <!-- Tests.LoginTests -->
