<?xml version="1.0" encoding="UTF-8"?>
<!-- Generated by org.testng.reporters.JUnitReportReporter -->
<testsuite skipped="1" hostname="LAPTOP-JN2NLV6S" name="Tests.TrackNumberTests" tests="3" failures="0" timestamp="01 May 2018 04:48:50 GMT" time="40.974" errors="0">
  <testcase name="BlankOrderNumberTest" time="13.539" classname="Tests.TrackNumberTests"/>
  <testcase name="BlankEmailAddressTest" time="27.435" classname="Tests.TrackNumberTests"/>
  <testcase name="BlankOrdernumberandEmailAddressTest" classname="Tests.TrackNumberTests">
    <skipped/>
  </testcase> <!-- BlankOrdernumberandEmailAddressTest -->
</testsuite> <!-- Tests.TrackNumberTests -->
