<?xml version="1.0" encoding="UTF-8"?>
<!-- Generated by org.testng.reporters.JUnitReportReporter -->
<testsuite skipped="0" hostname="LAPTOP-JN2NLV6S" name="Tests.LoginTests" tests="2" failures="0" timestamp="24 Apr 2018 07:28:12 GMT" time="116.561" errors="0">
  <testcase name="InvalidLoginDetails" time="40.772" classname="Tests.LoginTests"/>
  <testcase name="InvalidLoginDetails" time="75.789" classname="Tests.LoginTests"/>
</testsuite> <!-- Tests.LoginTests -->
